<?xml version="1.0" encoding="utf-8"?><testsuites name="pytest tests"><testsuite name="pytest" errors="0" failures="0" skipped="0" tests="7" time="2.762" timestamp="2026-09-06T06:42:37.541073+00:00" hostname="agent-env-eb97dc10-4a2d-45e0-989f-abd002cf14fd"><testcase classname="tests.test_cms.TestSourcesCollections" name="test_collections_hides_cms_content" time="2.410" /><testcase classname="tests.test_cms.TestCmsCrud" name="test_01_create_cms" time="0.549" /><testcase classname="tests.test_cms.TestCmsCrud" name="test_02_slug_uniqueness" time="0.371" /><testcase classname="tests.test_cms.TestCmsCrud" name="test_03_list_newest_first" time="0.437" /><testcase classname="tests.test_cms.TestCmsCrud" name="test_04_update_cms" time="0.199" /><testcase classname="tests.test_cms.TestCmsCrud" name="test_05_delete_cms" time="0.144" /><testcase classname="tests.test_cms.TestCmsCrud" name="test_06_update_invalid_id_404" time="0.260" /></testsuite></testsuites>